{"C:\\www\\ignite\\node\\03-api-solid\\build\\app.js": {"path":"C:\\www\\ignite\\node\\03-api-solid\\build\\app.js","all":true,"statementMap":{"0":{"start":{"line":1,"column":0},"end":{"line":1,"column":13}},"1":{"start":{"line":2,"column":0},"end":{"line":2,"column":29}},"2":{"start":{"line":3,"column":0},"end":{"line":3,"column":38}},"3":{"start":{"line":4,"column":0},"end":{"line":4,"column":55}},"4":{"start":{"line":5,"column":0},"end":{"line":5,"column":51}},"5":{"start":{"line":6,"column":0},"end":{"line":6,"column":41}},"6":{"start":{"line":7,"column":0},"end":{"line":7,"column":51}},"7":{"start":{"line":8,"column":0},"end":{"line":8,"column":33}},"8":{"start":{"line":9,"column":0},"end":{"line":9,"column":23}},"9":{"start":{"line":10,"column":0},"end":{"line":10,"column":66}},"10":{"start":{"line":11,"column":0},"end":{"line":11,"column":2}},"11":{"start":{"line":12,"column":0},"end":{"line":12,"column":47}},"12":{"start":{"line":13,"column":0},"end":{"line":13,"column":71}},"13":{"start":{"line":14,"column":0},"end":{"line":14,"column":44}},"14":{"start":{"line":15,"column":0},"end":{"line":15,"column":56}},"15":{"start":{"line":16,"column":0},"end":{"line":16,"column":123}},"16":{"start":{"line":17,"column":0},"end":{"line":17,"column":3}},"17":{"start":{"line":18,"column":0},"end":{"line":18,"column":12}},"18":{"start":{"line":19,"column":0},"end":{"line":19,"column":2}},"19":{"start":{"line":20,"column":0},"end":{"line":20,"column":113}},"20":{"start":{"line":21,"column":0},"end":{"line":21,"column":72}},"21":{"start":{"line":22,"column":0},"end":{"line":22,"column":67}},"22":{"start":{"line":23,"column":0},"end":{"line":23,"column":72}},"23":{"start":{"line":24,"column":0},"end":{"line":24,"column":71}},"24":{"start":{"line":25,"column":0},"end":{"line":25,"column":114}},"25":{"start":{"line":26,"column":0},"end":{"line":26,"column":5}},"26":{"start":{"line":27,"column":0},"end":{"line":27,"column":3}},"27":{"start":{"line":28,"column":0},"end":{"line":28,"column":91}},"28":{"start":{"line":29,"column":0},"end":{"line":29,"column":0}},"29":{"start":{"line":30,"column":0},"end":{"line":30,"column":13}},"30":{"start":{"line":31,"column":0},"end":{"line":31,"column":21}},"31":{"start":{"line":32,"column":0},"end":{"line":32,"column":23}},"32":{"start":{"line":33,"column":0},"end":{"line":33,"column":16}},"33":{"start":{"line":34,"column":0},"end":{"line":34,"column":3}},"34":{"start":{"line":35,"column":0},"end":{"line":35,"column":43}},"35":{"start":{"line":36,"column":0},"end":{"line":36,"column":49}},"36":{"start":{"line":37,"column":0},"end":{"line":37,"column":40}},"37":{"start":{"line":38,"column":0},"end":{"line":38,"column":61}},"38":{"start":{"line":39,"column":0},"end":{"line":39,"column":24}},"39":{"start":{"line":40,"column":0},"end":{"line":40,"column":5}},"40":{"start":{"line":41,"column":0},"end":{"line":41,"column":3}}},"s":{"0":0,"1":0,"2":0,"3":0,"4":0,"5":0,"6":0,"7":0,"8":0,"9":0,"10":0,"11":0,"12":0,"13":0,"14":0,"15":0,"16":0,"17":0,"18":0,"19":0,"20":0,"21":0,"22":0,"23":0,"24":0,"25":0,"26":0,"27":0,"28":0,"29":0,"30":0,"31":0,"32":0,"33":0,"34":0,"35":0,"36":0,"37":0,"38":0,"39":0,"40":0},"branchMap":{"0":{"type":"branch","line":1,"loc":{"start":{"line":1,"column":0},"end":{"line":41,"column":3}},"locations":[{"start":{"line":1,"column":0},"end":{"line":41,"column":3}}]}},"b":{"0":[0]},"fnMap":{"0":{"name":"(empty-report)","decl":{"start":{"line":1,"column":0},"end":{"line":41,"column":3}},"loc":{"start":{"line":1,"column":0},"end":{"line":41,"column":3}},"line":1}},"f":{"0":0}}
,"C:\\www\\ignite\\node\\03-api-solid\\build\\server.js": {"path":"C:\\www\\ignite\\node\\03-api-solid\\build\\server.js","all":true,"statementMap":{"0":{"start":{"line":1,"column":0},"end":{"line":1,"column":13}},"1":{"start":{"line":2,"column":0},"end":{"line":2,"column":29}},"2":{"start":{"line":3,"column":0},"end":{"line":3,"column":38}},"3":{"start":{"line":4,"column":0},"end":{"line":4,"column":55}},"4":{"start":{"line":5,"column":0},"end":{"line":5,"column":51}},"5":{"start":{"line":6,"column":0},"end":{"line":6,"column":41}},"6":{"start":{"line":7,"column":0},"end":{"line":7,"column":51}},"7":{"start":{"line":8,"column":0},"end":{"line":8,"column":47}},"8":{"start":{"line":9,"column":0},"end":{"line":9,"column":71}},"9":{"start":{"line":10,"column":0},"end":{"line":10,"column":44}},"10":{"start":{"line":11,"column":0},"end":{"line":11,"column":56}},"11":{"start":{"line":12,"column":0},"end":{"line":12,"column":123}},"12":{"start":{"line":13,"column":0},"end":{"line":13,"column":3}},"13":{"start":{"line":14,"column":0},"end":{"line":14,"column":12}},"14":{"start":{"line":15,"column":0},"end":{"line":15,"column":2}},"15":{"start":{"line":16,"column":0},"end":{"line":16,"column":113}},"16":{"start":{"line":17,"column":0},"end":{"line":17,"column":72}},"17":{"start":{"line":18,"column":0},"end":{"line":18,"column":67}},"18":{"start":{"line":19,"column":0},"end":{"line":19,"column":72}},"19":{"start":{"line":20,"column":0},"end":{"line":20,"column":71}},"20":{"start":{"line":21,"column":0},"end":{"line":21,"column":114}},"21":{"start":{"line":22,"column":0},"end":{"line":22,"column":5}},"22":{"start":{"line":23,"column":0},"end":{"line":23,"column":3}},"23":{"start":{"line":24,"column":0},"end":{"line":24,"column":0}},"24":{"start":{"line":25,"column":0},"end":{"line":25,"column":13}},"25":{"start":{"line":26,"column":0},"end":{"line":26,"column":49}},"26":{"start":{"line":27,"column":0},"end":{"line":27,"column":40}},"27":{"start":{"line":28,"column":0},"end":{"line":28,"column":0}},"28":{"start":{"line":29,"column":0},"end":{"line":29,"column":16}},"29":{"start":{"line":30,"column":0},"end":{"line":30,"column":12}},"30":{"start":{"line":31,"column":0},"end":{"line":31,"column":18}},"31":{"start":{"line":32,"column":0},"end":{"line":32,"column":12}},"32":{"start":{"line":33,"column":0},"end":{"line":33,"column":15}},"33":{"start":{"line":34,"column":0},"end":{"line":34,"column":48}},"34":{"start":{"line":35,"column":0},"end":{"line":35,"column":3}}},"s":{"0":0,"1":0,"2":0,"3":0,"4":0,"5":0,"6":0,"7":0,"8":0,"9":0,"10":0,"11":0,"12":0,"13":0,"14":0,"15":0,"16":0,"17":0,"18":0,"19":0,"20":0,"21":0,"22":0,"23":0,"24":0,"25":0,"26":0,"27":0,"28":0,"29":0,"30":0,"31":0,"32":0,"33":0,"34":0},"branchMap":{"0":{"type":"branch","line":1,"loc":{"start":{"line":1,"column":0},"end":{"line":35,"column":3}},"locations":[{"start":{"line":1,"column":0},"end":{"line":35,"column":3}}]}},"b":{"0":[0]},"fnMap":{"0":{"name":"(empty-report)","decl":{"start":{"line":1,"column":0},"end":{"line":35,"column":3}},"loc":{"start":{"line":1,"column":0},"end":{"line":35,"column":3}},"line":1}},"f":{"0":0}}
,"C:\\www\\ignite\\node\\03-api-solid\\src\\app.ts": {"path":"C:\\www\\ignite\\node\\03-api-solid\\src\\app.ts","all":true,"statementMap":{"0":{"start":{"line":1,"column":0},"end":{"line":1,"column":30}},"1":{"start":{"line":2,"column":0},"end":{"line":2,"column":41}},"2":{"start":{"line":3,"column":0},"end":{"line":3,"column":31}},"3":{"start":{"line":4,"column":0},"end":{"line":4,"column":28}},"4":{"start":{"line":5,"column":0},"end":{"line":5,"column":0}},"5":{"start":{"line":6,"column":0},"end":{"line":6,"column":28}},"6":{"start":{"line":7,"column":0},"end":{"line":7,"column":0}},"7":{"start":{"line":8,"column":0},"end":{"line":8,"column":23}},"8":{"start":{"line":9,"column":0},"end":{"line":9,"column":0}},"9":{"start":{"line":10,"column":0},"end":{"line":10,"column":49}},"10":{"start":{"line":11,"column":0},"end":{"line":11,"column":34}},"11":{"start":{"line":12,"column":0},"end":{"line":12,"column":16}},"12":{"start":{"line":13,"column":0},"end":{"line":13,"column":18}},"13":{"start":{"line":14,"column":0},"end":{"line":14,"column":69}},"14":{"start":{"line":15,"column":0},"end":{"line":15,"column":3}},"15":{"start":{"line":16,"column":0},"end":{"line":16,"column":0}},"16":{"start":{"line":17,"column":0},"end":{"line":17,"column":38}},"17":{"start":{"line":18,"column":0},"end":{"line":18,"column":24}},"18":{"start":{"line":19,"column":0},"end":{"line":19,"column":10}},"19":{"start":{"line":20,"column":0},"end":{"line":20,"column":80}},"20":{"start":{"line":21,"column":0},"end":{"line":21,"column":3}},"21":{"start":{"line":22,"column":0},"end":{"line":22,"column":0}},"22":{"start":{"line":23,"column":0},"end":{"line":23,"column":70}},"23":{"start":{"line":24,"column":0},"end":{"line":24,"column":2}}},"s":{"0":0,"1":0,"2":0,"3":0,"4":0,"5":0,"6":0,"7":0,"8":0,"9":0,"10":0,"11":0,"12":0,"13":0,"14":0,"15":0,"16":0,"17":0,"18":0,"19":0,"20":0,"21":0,"22":0,"23":0},"branchMap":{"0":{"type":"branch","line":1,"loc":{"start":{"line":1,"column":0},"end":{"line":24,"column":2}},"locations":[{"start":{"line":1,"column":0},"end":{"line":24,"column":2}}]}},"b":{"0":[0]},"fnMap":{"0":{"name":"(empty-report)","decl":{"start":{"line":1,"column":0},"end":{"line":24,"column":2}},"loc":{"start":{"line":1,"column":0},"end":{"line":24,"column":2}},"line":1}},"f":{"0":0}}
,"C:\\www\\ignite\\node\\03-api-solid\\src\\server.ts": {"path":"C:\\www\\ignite\\node\\03-api-solid\\src\\server.ts","all":true,"statementMap":{"0":{"start":{"line":1,"column":0},"end":{"line":1,"column":28}},"1":{"start":{"line":2,"column":0},"end":{"line":2,"column":28}},"2":{"start":{"line":3,"column":0},"end":{"line":3,"column":0}},"3":{"start":{"line":4,"column":0},"end":{"line":4,"column":12}},"4":{"start":{"line":5,"column":0},"end":{"line":5,"column":20}},"5":{"start":{"line":6,"column":0},"end":{"line":6,"column":17}},"6":{"start":{"line":7,"column":0},"end":{"line":7,"column":15}},"7":{"start":{"line":8,"column":0},"end":{"line":8,"column":40}},"8":{"start":{"line":9,"column":0},"end":{"line":9,"column":2}}},"s":{"0":0,"1":0,"2":0,"3":0,"4":0,"5":0,"6":0,"7":0,"8":0},"branchMap":{"0":{"type":"branch","line":1,"loc":{"start":{"line":1,"column":0},"end":{"line":9,"column":2}},"locations":[{"start":{"line":1,"column":0},"end":{"line":9,"column":2}}]}},"b":{"0":[0]},"fnMap":{"0":{"name":"(empty-report)","decl":{"start":{"line":1,"column":0},"end":{"line":9,"column":2}},"loc":{"start":{"line":1,"column":0},"end":{"line":9,"column":2}},"line":1}},"f":{"0":0}}
,"C:\\www\\ignite\\node\\03-api-solid\\src\\env\\index.ts": {"path":"C:\\www\\ignite\\node\\03-api-solid\\src\\env\\index.ts","all":true,"statementMap":{"0":{"start":{"line":1,"column":0},"end":{"line":1,"column":22}},"1":{"start":{"line":2,"column":0},"end":{"line":2,"column":23}},"2":{"start":{"line":3,"column":0},"end":{"line":3,"column":0}},"3":{"start":{"line":4,"column":0},"end":{"line":4,"column":28}},"4":{"start":{"line":5,"column":0},"end":{"line":5,"column":69}},"5":{"start":{"line":6,"column":0},"end":{"line":6,"column":40}},"6":{"start":{"line":7,"column":0},"end":{"line":7,"column":2}},"7":{"start":{"line":8,"column":0},"end":{"line":8,"column":0}},"8":{"start":{"line":9,"column":0},"end":{"line":9,"column":45}},"9":{"start":{"line":10,"column":0},"end":{"line":10,"column":0}},"10":{"start":{"line":11,"column":0},"end":{"line":11,"column":29}},"11":{"start":{"line":12,"column":0},"end":{"line":12,"column":72}},"12":{"start":{"line":13,"column":0},"end":{"line":13,"column":0}},"13":{"start":{"line":14,"column":0},"end":{"line":14,"column":51}},"14":{"start":{"line":15,"column":0},"end":{"line":15,"column":1}},"15":{"start":{"line":16,"column":0},"end":{"line":16,"column":0}},"16":{"start":{"line":17,"column":0},"end":{"line":17,"column":28}}},"s":{"0":0,"1":0,"2":0,"3":0,"4":0,"5":0,"6":0,"7":0,"8":0,"9":0,"10":0,"11":0,"12":0,"13":0,"14":0,"15":0,"16":0},"branchMap":{"0":{"type":"branch","line":1,"loc":{"start":{"line":1,"column":0},"end":{"line":17,"column":28}},"locations":[{"start":{"line":1,"column":0},"end":{"line":17,"column":28}}]}},"b":{"0":[0]},"fnMap":{"0":{"name":"(empty-report)","decl":{"start":{"line":1,"column":0},"end":{"line":17,"column":28}},"loc":{"start":{"line":1,"column":0},"end":{"line":17,"column":28}},"line":1}},"f":{"0":0}}
,"C:\\www\\ignite\\node\\03-api-solid\\src\\http\\route.ts": {"path":"C:\\www\\ignite\\node\\03-api-solid\\src\\http\\route.ts","all":true,"statementMap":{"0":{"start":{"line":1,"column":0},"end":{"line":1,"column":42}},"1":{"start":{"line":2,"column":0},"end":{"line":2,"column":50}},"2":{"start":{"line":3,"column":0},"end":{"line":3,"column":0}},"3":{"start":{"line":4,"column":0},"end":{"line":4,"column":55}},"4":{"start":{"line":5,"column":0},"end":{"line":5,"column":30}},"5":{"start":{"line":6,"column":0},"end":{"line":6,"column":1}}},"s":{"0":0,"1":0,"2":0,"3":0,"4":0,"5":0},"branchMap":{"0":{"type":"branch","line":1,"loc":{"start":{"line":1,"column":0},"end":{"line":6,"column":1}},"locations":[{"start":{"line":1,"column":0},"end":{"line":6,"column":1}}]}},"b":{"0":[0]},"fnMap":{"0":{"name":"(empty-report)","decl":{"start":{"line":1,"column":0},"end":{"line":6,"column":1}},"loc":{"start":{"line":1,"column":0},"end":{"line":6,"column":1}},"line":1}},"f":{"0":0}}
,"C:\\www\\ignite\\node\\03-api-solid\\src\\http\\controllers\\register.ts": {"path":"C:\\www\\ignite\\node\\03-api-solid\\src\\http\\controllers\\register.ts","all":true,"statementMap":{"0":{"start":{"line":1,"column":0},"end":{"line":1,"column":54}},"1":{"start":{"line":2,"column":0},"end":{"line":2,"column":23}},"2":{"start":{"line":3,"column":0},"end":{"line":3,"column":54}},"3":{"start":{"line":4,"column":0},"end":{"line":4,"column":85}},"4":{"start":{"line":5,"column":0},"end":{"line":5,"column":85}},"5":{"start":{"line":6,"column":0},"end":{"line":6,"column":0}},"6":{"start":{"line":7,"column":0},"end":{"line":7,"column":0}},"7":{"start":{"line":8,"column":0},"end":{"line":8,"column":79}},"8":{"start":{"line":9,"column":0},"end":{"line":9,"column":39}},"9":{"start":{"line":10,"column":0},"end":{"line":10,"column":21}},"10":{"start":{"line":11,"column":0},"end":{"line":11,"column":30}},"11":{"start":{"line":12,"column":0},"end":{"line":12,"column":32}},"12":{"start":{"line":13,"column":0},"end":{"line":13,"column":4}},"13":{"start":{"line":14,"column":0},"end":{"line":14,"column":0}},"14":{"start":{"line":15,"column":0},"end":{"line":15,"column":74}},"15":{"start":{"line":16,"column":0},"end":{"line":16,"column":0}},"16":{"start":{"line":17,"column":0},"end":{"line":17,"column":7}},"17":{"start":{"line":18,"column":0},"end":{"line":18,"column":55}},"18":{"start":{"line":19,"column":0},"end":{"line":19,"column":64}},"19":{"start":{"line":20,"column":0},"end":{"line":20,"column":0}},"20":{"start":{"line":21,"column":0},"end":{"line":21,"column":35}},"21":{"start":{"line":22,"column":0},"end":{"line":22,"column":11}},"22":{"start":{"line":23,"column":0},"end":{"line":23,"column":13}},"23":{"start":{"line":24,"column":0},"end":{"line":24,"column":15}},"24":{"start":{"line":25,"column":0},"end":{"line":25,"column":6}},"25":{"start":{"line":26,"column":0},"end":{"line":26,"column":17}},"26":{"start":{"line":27,"column":0},"end":{"line":27,"column":48}},"27":{"start":{"line":28,"column":0},"end":{"line":28,"column":61}},"28":{"start":{"line":29,"column":0},"end":{"line":29,"column":5}},"29":{"start":{"line":30,"column":0},"end":{"line":30,"column":0}},"30":{"start":{"line":31,"column":0},"end":{"line":31,"column":13}},"31":{"start":{"line":32,"column":0},"end":{"line":32,"column":3}},"32":{"start":{"line":33,"column":0},"end":{"line":33,"column":0}},"33":{"start":{"line":34,"column":0},"end":{"line":34,"column":33}},"34":{"start":{"line":35,"column":0},"end":{"line":35,"column":1}}},"s":{"0":0,"1":0,"2":0,"3":0,"4":0,"5":0,"6":0,"7":0,"8":0,"9":0,"10":0,"11":0,"12":0,"13":0,"14":0,"15":0,"16":0,"17":0,"18":0,"19":0,"20":0,"21":0,"22":0,"23":0,"24":0,"25":0,"26":0,"27":0,"28":0,"29":0,"30":0,"31":0,"32":0,"33":0,"34":0},"branchMap":{"0":{"type":"branch","line":1,"loc":{"start":{"line":1,"column":0},"end":{"line":35,"column":1}},"locations":[{"start":{"line":1,"column":0},"end":{"line":35,"column":1}}]}},"b":{"0":[0]},"fnMap":{"0":{"name":"(empty-report)","decl":{"start":{"line":1,"column":0},"end":{"line":35,"column":1}},"loc":{"start":{"line":1,"column":0},"end":{"line":35,"column":1}},"line":1}},"f":{"0":0}}
,"C:\\www\\ignite\\node\\03-api-solid\\src\\lib\\prisma.ts": {"path":"C:\\www\\ignite\\node\\03-api-solid\\src\\lib\\prisma.ts","all":true,"statementMap":{"0":{"start":{"line":1,"column":0},"end":{"line":1,"column":28}},"1":{"start":{"line":2,"column":0},"end":{"line":2,"column":46}},"2":{"start":{"line":3,"column":0},"end":{"line":3,"column":0}},"3":{"start":{"line":4,"column":0},"end":{"line":4,"column":40}},"4":{"start":{"line":5,"column":0},"end":{"line":5,"column":47}},"5":{"start":{"line":6,"column":0},"end":{"line":6,"column":2}}},"s":{"0":0,"1":0,"2":0,"3":0,"4":0,"5":0},"branchMap":{"0":{"type":"branch","line":1,"loc":{"start":{"line":1,"column":0},"end":{"line":6,"column":2}},"locations":[{"start":{"line":1,"column":0},"end":{"line":6,"column":2}}]}},"b":{"0":[0]},"fnMap":{"0":{"name":"(empty-report)","decl":{"start":{"line":1,"column":0},"end":{"line":6,"column":2}},"loc":{"start":{"line":1,"column":0},"end":{"line":6,"column":2}},"line":1}},"f":{"0":0}}
,"C:\\www\\ignite\\node\\03-api-solid\\src\\repositories\\in-memory\\in-memory-users-repository.ts": {"path":"C:\\www\\ignite\\node\\03-api-solid\\src\\repositories\\in-memory\\in-memory-users-repository.ts","all":false,"statementMap":{"0":{"start":{"line":1,"column":0},"end":{"line":1,"column":46}},"1":{"start":{"line":2,"column":0},"end":{"line":2,"column":54}},"2":{"start":{"line":3,"column":0},"end":{"line":3,"column":0}},"3":{"start":{"line":4,"column":0},"end":{"line":4,"column":65}},"4":{"start":{"line":5,"column":0},"end":{"line":5,"column":27}},"5":{"start":{"line":6,"column":0},"end":{"line":6,"column":0}},"6":{"start":{"line":7,"column":0},"end":{"line":7,"column":36}},"7":{"start":{"line":8,"column":0},"end":{"line":8,"column":62}},"8":{"start":{"line":9,"column":0},"end":{"line":9,"column":0}},"9":{"start":{"line":10,"column":0},"end":{"line":10,"column":16}},"10":{"start":{"line":11,"column":0},"end":{"line":11,"column":17}},"11":{"start":{"line":12,"column":0},"end":{"line":12,"column":5}},"12":{"start":{"line":13,"column":0},"end":{"line":13,"column":0}},"13":{"start":{"line":14,"column":0},"end":{"line":14,"column":15}},"14":{"start":{"line":15,"column":0},"end":{"line":15,"column":3}},"15":{"start":{"line":16,"column":0},"end":{"line":16,"column":0}},"16":{"start":{"line":17,"column":0},"end":{"line":17,"column":46}},"17":{"start":{"line":18,"column":0},"end":{"line":18,"column":18}},"18":{"start":{"line":19,"column":0},"end":{"line":19,"column":19}},"19":{"start":{"line":20,"column":0},"end":{"line":20,"column":22}},"20":{"start":{"line":21,"column":0},"end":{"line":21,"column":24}},"21":{"start":{"line":22,"column":0},"end":{"line":22,"column":40}},"22":{"start":{"line":23,"column":0},"end":{"line":23,"column":29}},"23":{"start":{"line":24,"column":0},"end":{"line":24,"column":5}},"24":{"start":{"line":25,"column":0},"end":{"line":25,"column":0}},"25":{"start":{"line":26,"column":0},"end":{"line":26,"column":25}},"26":{"start":{"line":27,"column":0},"end":{"line":27,"column":0}},"27":{"start":{"line":28,"column":0},"end":{"line":28,"column":15}},"28":{"start":{"line":29,"column":0},"end":{"line":29,"column":3}},"29":{"start":{"line":30,"column":0},"end":{"line":30,"column":1}}},"s":{"0":1,"1":1,"2":1,"3":1,"4":2,"5":1,"6":1,"7":3,"8":3,"9":3,"10":2,"11":2,"12":1,"13":1,"14":3,"15":1,"16":1,"17":2,"18":2,"19":2,"20":2,"21":2,"22":2,"23":2,"24":2,"25":2,"26":2,"27":2,"28":2,"29":1},"branchMap":{"0":{"type":"branch","line":4,"loc":{"start":{"line":4,"column":7},"end":{"line":5,"column":27}},"locations":[{"start":{"line":4,"column":7},"end":{"line":5,"column":27}}]},"1":{"type":"branch","line":7,"loc":{"start":{"line":7,"column":2},"end":{"line":15,"column":3}},"locations":[{"start":{"line":7,"column":2},"end":{"line":15,"column":3}}]},"2":{"type":"branch","line":10,"loc":{"start":{"line":10,"column":15},"end":{"line":12,"column":5}},"locations":[{"start":{"line":10,"column":15},"end":{"line":12,"column":5}}]},"3":{"type":"branch","line":12,"loc":{"start":{"line":12,"column":4},"end":{"line":14,"column":15}},"locations":[{"start":{"line":12,"column":4},"end":{"line":14,"column":15}}]},"4":{"type":"branch","line":8,"loc":{"start":{"line":8,"column":33},"end":{"line":8,"column":61}},"locations":[{"start":{"line":8,"column":33},"end":{"line":8,"column":61}}]},"5":{"type":"branch","line":17,"loc":{"start":{"line":17,"column":2},"end":{"line":29,"column":3}},"locations":[{"start":{"line":17,"column":2},"end":{"line":29,"column":3}}]}},"b":{"0":[2],"1":[3],"2":[2],"3":[1],"4":[1],"5":[2]},"fnMap":{"0":{"name":"InMemoryUsersRepository","decl":{"start":{"line":4,"column":7},"end":{"line":5,"column":27}},"loc":{"start":{"line":4,"column":7},"end":{"line":5,"column":27}},"line":4},"1":{"name":"findByEmail","decl":{"start":{"line":7,"column":2},"end":{"line":15,"column":3}},"loc":{"start":{"line":7,"column":2},"end":{"line":15,"column":3}},"line":7},"2":{"name":"create","decl":{"start":{"line":17,"column":2},"end":{"line":29,"column":3}},"loc":{"start":{"line":17,"column":2},"end":{"line":29,"column":3}},"line":17}},"f":{"0":2,"1":3,"2":2}}
,"C:\\www\\ignite\\node\\03-api-solid\\src\\repositories\\prisma\\prisma-users-repository.ts": {"path":"C:\\www\\ignite\\node\\03-api-solid\\src\\repositories\\prisma\\prisma-users-repository.ts","all":true,"statementMap":{"0":{"start":{"line":1,"column":0},"end":{"line":1,"column":38}},"1":{"start":{"line":2,"column":0},"end":{"line":2,"column":39}},"2":{"start":{"line":3,"column":0},"end":{"line":3,"column":54}},"3":{"start":{"line":4,"column":0},"end":{"line":4,"column":0}},"4":{"start":{"line":5,"column":0},"end":{"line":5,"column":63}},"5":{"start":{"line":6,"column":0},"end":{"line":6,"column":36}},"6":{"start":{"line":7,"column":0},"end":{"line":7,"column":47}},"7":{"start":{"line":8,"column":0},"end":{"line":8,"column":14}},"8":{"start":{"line":9,"column":0},"end":{"line":9,"column":14}},"9":{"start":{"line":10,"column":0},"end":{"line":10,"column":8}},"10":{"start":{"line":11,"column":0},"end":{"line":11,"column":6}},"11":{"start":{"line":12,"column":0},"end":{"line":12,"column":0}},"12":{"start":{"line":13,"column":0},"end":{"line":13,"column":15}},"13":{"start":{"line":14,"column":0},"end":{"line":14,"column":3}},"14":{"start":{"line":15,"column":0},"end":{"line":15,"column":0}},"15":{"start":{"line":16,"column":0},"end":{"line":16,"column":46}},"16":{"start":{"line":17,"column":0},"end":{"line":17,"column":42}},"17":{"start":{"line":18,"column":0},"end":{"line":18,"column":11}},"18":{"start":{"line":19,"column":0},"end":{"line":19,"column":6}},"19":{"start":{"line":20,"column":0},"end":{"line":20,"column":0}},"20":{"start":{"line":21,"column":0},"end":{"line":21,"column":15}},"21":{"start":{"line":22,"column":0},"end":{"line":22,"column":4}},"22":{"start":{"line":23,"column":0},"end":{"line":23,"column":1}}},"s":{"0":0,"1":0,"2":0,"3":0,"4":0,"5":0,"6":0,"7":0,"8":0,"9":0,"10":0,"11":0,"12":0,"13":0,"14":0,"15":0,"16":0,"17":0,"18":0,"19":0,"20":0,"21":0,"22":0},"branchMap":{"0":{"type":"branch","line":1,"loc":{"start":{"line":1,"column":0},"end":{"line":23,"column":1}},"locations":[{"start":{"line":1,"column":0},"end":{"line":23,"column":1}}]}},"b":{"0":[0]},"fnMap":{"0":{"name":"(empty-report)","decl":{"start":{"line":1,"column":0},"end":{"line":23,"column":1}},"loc":{"start":{"line":1,"column":0},"end":{"line":23,"column":1}},"line":1}},"f":{"0":0}}
,"C:\\www\\ignite\\node\\03-api-solid\\src\\use-cases\\register.ts": {"path":"C:\\www\\ignite\\node\\03-api-solid\\src\\use-cases\\register.ts","all":false,"statementMap":{"0":{"start":{"line":1,"column":0},"end":{"line":1,"column":65}},"1":{"start":{"line":2,"column":0},"end":{"line":2,"column":31}},"2":{"start":{"line":3,"column":0},"end":{"line":3,"column":75}},"3":{"start":{"line":4,"column":0},"end":{"line":4,"column":37}},"4":{"start":{"line":5,"column":0},"end":{"line":5,"column":0}},"5":{"start":{"line":6,"column":0},"end":{"line":6,"column":34}},"6":{"start":{"line":7,"column":0},"end":{"line":7,"column":14}},"7":{"start":{"line":8,"column":0},"end":{"line":8,"column":15}},"8":{"start":{"line":9,"column":0},"end":{"line":9,"column":18}},"9":{"start":{"line":10,"column":0},"end":{"line":10,"column":1}},"10":{"start":{"line":11,"column":0},"end":{"line":11,"column":0}},"11":{"start":{"line":12,"column":0},"end":{"line":12,"column":35}},"12":{"start":{"line":13,"column":0},"end":{"line":13,"column":12}},"13":{"start":{"line":14,"column":0},"end":{"line":14,"column":1}},"14":{"start":{"line":15,"column":0},"end":{"line":15,"column":0}},"15":{"start":{"line":16,"column":0},"end":{"line":16,"column":30}},"16":{"start":{"line":17,"column":0},"end":{"line":17,"column":58}},"17":{"start":{"line":18,"column":0},"end":{"line":18,"column":0}},"18":{"start":{"line":19,"column":0},"end":{"line":19,"column":102}},"19":{"start":{"line":20,"column":0},"end":{"line":20,"column":49}},"20":{"start":{"line":21,"column":0},"end":{"line":21,"column":2}},"21":{"start":{"line":22,"column":0},"end":{"line":22,"column":75}},"22":{"start":{"line":23,"column":0},"end":{"line":23,"column":2}},"23":{"start":{"line":24,"column":0},"end":{"line":24,"column":28}},"24":{"start":{"line":25,"column":0},"end":{"line":25,"column":40}},"25":{"start":{"line":26,"column":0},"end":{"line":26,"column":5}},"26":{"start":{"line":27,"column":0},"end":{"line":27,"column":0}},"27":{"start":{"line":28,"column":0},"end":{"line":28,"column":52}},"28":{"start":{"line":29,"column":0},"end":{"line":29,"column":11}},"29":{"start":{"line":30,"column":0},"end":{"line":30,"column":12}},"30":{"start":{"line":31,"column":0},"end":{"line":31,"column":20}},"31":{"start":{"line":32,"column":0},"end":{"line":32,"column":6}},"32":{"start":{"line":33,"column":0},"end":{"line":33,"column":0}},"33":{"start":{"line":34,"column":0},"end":{"line":34,"column":12}},"34":{"start":{"line":35,"column":0},"end":{"line":35,"column":11}},"35":{"start":{"line":36,"column":0},"end":{"line":36,"column":5}},"36":{"start":{"line":37,"column":0},"end":{"line":37,"column":3}},"37":{"start":{"line":38,"column":0},"end":{"line":38,"column":1}}},"s":{"0":1,"1":1,"2":1,"3":1,"4":1,"5":1,"6":1,"7":1,"8":1,"9":1,"10":1,"11":1,"12":1,"13":1,"14":1,"15":1,"16":1,"17":1,"18":1,"19":3,"20":3,"21":3,"22":3,"23":3,"24":1,"25":1,"26":2,"27":2,"28":2,"29":2,"30":2,"31":2,"32":2,"33":2,"34":2,"35":2,"36":3,"37":1},"branchMap":{"0":{"type":"branch","line":17,"loc":{"start":{"line":17,"column":2},"end":{"line":17,"column":58}},"locations":[{"start":{"line":17,"column":2},"end":{"line":17,"column":58}}]},"1":{"type":"branch","line":19,"loc":{"start":{"line":19,"column":2},"end":{"line":37,"column":3}},"locations":[{"start":{"line":19,"column":2},"end":{"line":37,"column":3}}]},"2":{"type":"branch","line":24,"loc":{"start":{"line":24,"column":27},"end":{"line":26,"column":5}},"locations":[{"start":{"line":24,"column":27},"end":{"line":26,"column":5}}]},"3":{"type":"branch","line":26,"loc":{"start":{"line":26,"column":4},"end":{"line":36,"column":5}},"locations":[{"start":{"line":26,"column":4},"end":{"line":36,"column":5}}]}},"b":{"0":[2],"1":[3],"2":[1],"3":[2]},"fnMap":{"0":{"name":"RegisterUseCase","decl":{"start":{"line":17,"column":2},"end":{"line":17,"column":58}},"loc":{"start":{"line":17,"column":2},"end":{"line":17,"column":58}},"line":17},"1":{"name":"execute","decl":{"start":{"line":19,"column":2},"end":{"line":37,"column":3}},"loc":{"start":{"line":19,"column":2},"end":{"line":37,"column":3}},"line":19}},"f":{"0":2,"1":3}}
,"C:\\www\\ignite\\node\\03-api-solid\\src\\use-cases\\errors\\user-already-exists-error.ts": {"path":"C:\\www\\ignite\\node\\03-api-solid\\src\\use-cases\\errors\\user-already-exists-error.ts","all":false,"statementMap":{"0":{"start":{"line":1,"column":0},"end":{"line":1,"column":51}},"1":{"start":{"line":2,"column":0},"end":{"line":2,"column":17}},"2":{"start":{"line":3,"column":0},"end":{"line":3,"column":35}},"3":{"start":{"line":4,"column":0},"end":{"line":4,"column":3}},"4":{"start":{"line":5,"column":0},"end":{"line":5,"column":1}}},"s":{"0":1,"1":1,"2":1,"3":1,"4":1},"branchMap":{"0":{"type":"branch","line":2,"loc":{"start":{"line":2,"column":2},"end":{"line":4,"column":3}},"locations":[{"start":{"line":2,"column":2},"end":{"line":4,"column":3}}]}},"b":{"0":[1]},"fnMap":{"0":{"name":"UserAlreadyExistsError","decl":{"start":{"line":2,"column":2},"end":{"line":4,"column":3}},"loc":{"start":{"line":2,"column":2},"end":{"line":4,"column":3}},"line":2}},"f":{"0":1}}
}
